Using pre-set license
Built from '2020.3/staging' branch; Version is '2020.3.14f1 (d0d1bb862f9d) revision 13685179'; Using compiler version '192528614'; Build Type 'Release'
OS: 'Windows 10 Home; OS build 19042.1110; Version 2009; 64bit' Language: 'pt' Physical Memory: 16332 MB
BatchMode: 1, IsHumanControllingUs: 0, StartBugReporterOnCrash: 0, Is64bit: 1, IsPro: 0

 COMMAND LINE ARGUMENTS:
C:\Program Files\Unity\Hub\Editor\2020.3.14f1\Editor\Unity.exe
-adb2
-batchMode
-noUpm
-name
AssetImportWorker0
-projectPath
C:/Users/bruno/OneDrive/Documents/GitHub/Platformer Prototype/Platformer-Prototype
-logFile
Logs/AssetImportWorker0.log
-srvPort
55399
Successfully changed project path to: C:/Users/bruno/OneDrive/Documents/GitHub/Platformer Prototype/Platformer-Prototype
C:/Users/bruno/OneDrive/Documents/GitHub/Platformer Prototype/Platformer-Prototype
Using Asset Import Pipeline V2.
Refreshing native plugins compatible for Editor in 45.76 ms, found 3 plugins.
Preloading 0 native plugins for Editor in 0.00 ms.
Initialize engine version: 2020.3.14f1 (d0d1bb862f9d)
[Subsystems] Discovering subsystems at path C:/Program Files/Unity/Hub/Editor/2020.3.14f1/Editor/Data/Resources/UnitySubsystems
[Subsystems] Discovering subsystems at path C:/Users/bruno/OneDrive/Documents/GitHub/Platformer Prototype/Platformer-Prototype/Assets
GfxDevice: creating device client; threaded=0
Direct3D:
    Version:  Direct3D 11.0 [level 11.1]
    Renderer: NVIDIA GeForce GTX 980 (ID=0x13c0)
    Vendor:   
    VRAM:     4053 MB
    Driver:   27.21.14.5671
Initialize mono
Mono path[0] = 'C:/Program Files/Unity/Hub/Editor/2020.3.14f1/Editor/Data/Managed'
Mono path[1] = 'C:/Program Files/Unity/Hub/Editor/2020.3.14f1/Editor/Data/MonoBleedingEdge/lib/mono/unityjit'
Mono config path = 'C:/Program Files/Unity/Hub/Editor/2020.3.14f1/Editor/Data/MonoBleedingEdge/etc'
Using monoOptions --debugger-agent=transport=dt_socket,embedding=1,server=y,suspend=n,address=127.0.0.1:56768
Begin MonoManager ReloadAssembly
Registering precompiled unity dll's ...
Register platform support module: C:/Program Files/Unity/Hub/Editor/2020.3.14f1/Editor/Data/PlaybackEngines/WindowsStandaloneSupport/UnityEditor.WindowsStandalone.Extensions.dll
Registered in 0.002742 seconds.
Native extension for WindowsStandalone target not found
Refreshing native plugins compatible for Editor in 43.03 ms, found 3 plugins.
Preloading 0 native plugins for Editor in 0.00 ms.
Mono: successfully reloaded assembly
- Completed reload, in  1.230 seconds
Domain Reload Profiling:
	ReloadAssembly (1230ms)
		BeginReloadAssembly (63ms)
			ExecutionOrderSort (0ms)
			DisableScriptedObjects (0ms)
			BackupInstance (0ms)
			ReleaseScriptingObjects (0ms)
			CreateAndSetChildDomain (1ms)
		EndReloadAssembly (451ms)
			LoadAssemblies (59ms)
			RebuildTransferFunctionScriptingTraits (0ms)
			SetupTypeCache (159ms)
			ReleaseScriptCaches (0ms)
			RebuildScriptCaches (32ms)
			SetupLoadedEditorAssemblies (180ms)
				LogAssemblyErrors (0ms)
				InitializePlatformSupportModulesInManaged (4ms)
				SetLoadedEditorAssemblies (0ms)
				RefreshPlugins (43ms)
				BeforeProcessingInitializeOnLoad (15ms)
				ProcessInitializeOnLoadAttributes (87ms)
				ProcessInitializeOnLoadMethodAttributes (31ms)
				AfterProcessingInitializeOnLoad (0ms)
				EditorAssembliesLoaded (0ms)
			ExecutionOrderSort2 (0ms)
			AwakeInstancesAfterBackupRestoration (0ms)
Platform modules already initialized, skipping
Registering precompiled user dll's ...
Registered in 0.005624 seconds.
Begin MonoManager ReloadAssembly
Native extension for WindowsStandalone target not found
Refreshing native plugins compatible for Editor in 42.93 ms, found 3 plugins.
Preloading 0 native plugins for Editor in 0.00 ms.
Mono: successfully reloaded assembly
- Completed reload, in  1.250 seconds
Domain Reload Profiling:
	ReloadAssembly (1251ms)
		BeginReloadAssembly (168ms)
			ExecutionOrderSort (0ms)
			DisableScriptedObjects (6ms)
			BackupInstance (0ms)
			ReleaseScriptingObjects (0ms)
			CreateAndSetChildDomain (19ms)
		EndReloadAssembly (1003ms)
			LoadAssemblies (110ms)
			RebuildTransferFunctionScriptingTraits (0ms)
			SetupTypeCache (315ms)
			ReleaseScriptCaches (1ms)
			RebuildScriptCaches (50ms)
			SetupLoadedEditorAssemblies (390ms)
				LogAssemblyErrors (0ms)
				InitializePlatformSupportModulesInManaged (4ms)
				SetLoadedEditorAssemblies (0ms)
				RefreshPlugins (43ms)
				BeforeProcessingInitializeOnLoad (104ms)
				ProcessInitializeOnLoadAttributes (213ms)
				ProcessInitializeOnLoadMethodAttributes (16ms)
				AfterProcessingInitializeOnLoad (10ms)
				EditorAssembliesLoaded (0ms)
			ExecutionOrderSort2 (0ms)
			AwakeInstancesAfterBackupRestoration (7ms)
Platform modules already initialized, skipping
========================================================================
Worker process is ready to serve import requests
Launched and connected shader compiler UnityShaderCompiler.exe after 0.04 seconds
Refreshing native plugins compatible for Editor in 0.44 ms, found 3 plugins.
Preloading 0 native plugins for Editor in 0.00 ms.
Unloading 2084 Unused Serialized files (Serialized files now loaded: 0)
System memory in use before: 93.6 MB.
System memory in use after: 93.6 MB.

Unloading 33 unused Assets to reduce memory usage. Loaded Objects now: 2517.
Total: 2.386000 ms (FindLiveObjects: 0.267200 ms CreateObjectMapping: 0.049900 ms MarkObjects: 1.932800 ms  DeleteObjects: 0.134900 ms)

AssetImportParameters requested are different than current active one (requested -> active):
  custom:framework-win-MediaFoundation: 216162199b28c13a410421893ffa2e32 -> 
  custom:video-decoder-ogg-theora: a1e56fd34408186e4bbccfd4996cb3dc -> 
  custom:container-muxer-webm: aa71ff27fc2769a1b78a27578f13a17b -> 
  custom:container-demuxer-webm: 4f35f7cbe854078d1ac9338744f61a02 -> 
  custom:container-demuxer-ogg: 62fdf1f143b41e24485cea50d1cbac27 -> 
  custom:video-encoder-webm-vp8: eb34c28f22e8b96e1ab97ce403110664 -> 
  custom:video-decoder-webm-vp8: 9c59270c3fd7afecdb556c50c9e8de78 -> 
  custom:audio-decoder-ogg-vorbis: bf7c407c2cedff20999df2af8eb42d56 -> 
  custom:audio-encoder-webm-vorbis: bf7c407c2cedff20999df2af8eb42d56 -> 
========================================================================
Received Import Request.
  path: Assets
  artifactKey: Guid(00000000000000001000000000000000) Importer(815301076,1909f56bfc062723c751e8b465ee728b)
Start importing Assets using Guid(00000000000000001000000000000000) Importer(815301076,1909f56bfc062723c751e8b465ee728b)  -> (artifact id: '42d402b061de3733987d63b9cc3b64de') in 0.010018 seconds 
  Import took 0.013081 seconds .

========================================================================
Received Import Request.
  Time since last request: 2.343545 seconds.
  path: Assets/Art
  artifactKey: Guid(dd618c785c4238e4581f69b20c79456f) Importer(815301076,1909f56bfc062723c751e8b465ee728b)
Start importing Assets/Art using Guid(dd618c785c4238e4581f69b20c79456f) Importer(815301076,1909f56bfc062723c751e8b465ee728b)  -> (artifact id: '417813e311c47e3a596404e2a55b7e22') in 0.009045 seconds 
  Import took 0.012369 seconds .

========================================================================
Received Import Request.
  Time since last request: 7.295776 seconds.
  path: Assets/Art/Sprites
  artifactKey: Guid(36a08e60866aca441b433a8188a55952) Importer(815301076,1909f56bfc062723c751e8b465ee728b)
Start importing Assets/Art/Sprites using Guid(36a08e60866aca441b433a8188a55952) Importer(815301076,1909f56bfc062723c751e8b465ee728b)  -> (artifact id: '3a784e7b887a1f48c55db21ac2ae09bd') in 0.008814 seconds 
  Import took 0.011972 seconds .

========================================================================
Received Import Request.
  Time since last request: 5.782823 seconds.
  path: Assets/Art/UI
  artifactKey: Guid(f53911a5ba0f4c849bcfc3f61c863023) Importer(815301076,1909f56bfc062723c751e8b465ee728b)
Start importing Assets/Art/UI using Guid(f53911a5ba0f4c849bcfc3f61c863023) Importer(815301076,1909f56bfc062723c751e8b465ee728b)  -> (artifact id: '4beab4da765e89b88231622c9c665397') in 0.010011 seconds 
  Import took 0.013092 seconds .

========================================================================
Received Import Request.
  Time since last request: 19.428339 seconds.
  path: Assets/Art/Sprites/Player Character
  artifactKey: Guid(83a168978fc45d84c8b1fb7aa05701de) Importer(815301076,1909f56bfc062723c751e8b465ee728b)
Start importing Assets/Art/Sprites/Player Character using Guid(83a168978fc45d84c8b1fb7aa05701de) Importer(815301076,1909f56bfc062723c751e8b465ee728b)  -> (artifact id: '5b1219535b08fe54e3c6dddf1233b1a1') in 0.012191 seconds 
  Import took 0.015375 seconds .

========================================================================
Received Import Request.
  Time since last request: 15.255896 seconds.
  path: Assets/Art/Sprites/Enemy Dinossaur
  artifactKey: Guid(daeb08c5f90e2204b85e8b8ca1431cef) Importer(815301076,1909f56bfc062723c751e8b465ee728b)
Start importing Assets/Art/Sprites/Enemy Dinossaur using Guid(daeb08c5f90e2204b85e8b8ca1431cef) Importer(815301076,1909f56bfc062723c751e8b465ee728b)  -> (artifact id: '4fc6ef18026836f116ac1b801d77a313') in 0.009949 seconds 
  Import took 0.013125 seconds .

========================================================================
Received Import Request.
  Time since last request: 10.372584 seconds.
  path: Assets/Art/Sprites/Player Character/Dead
  artifactKey: Guid(1f0b261e9d1d980449b027366c532e3e) Importer(815301076,1909f56bfc062723c751e8b465ee728b)
Start importing Assets/Art/Sprites/Player Character/Dead using Guid(1f0b261e9d1d980449b027366c532e3e) Importer(815301076,1909f56bfc062723c751e8b465ee728b)  -> (artifact id: '6cf5064e314c1ca1573085599fa0ffb3') in 0.011849 seconds 
  Import took 0.015012 seconds .

========================================================================
Received Import Request.
  Time since last request: 12.177690 seconds.
  path: Assets/Art/Sprites/Player Character/Hurt
  artifactKey: Guid(27aca879a04ad4e439f9f2917f48c131) Importer(815301076,1909f56bfc062723c751e8b465ee728b)
Start importing Assets/Art/Sprites/Player Character/Hurt using Guid(27aca879a04ad4e439f9f2917f48c131) Importer(815301076,1909f56bfc062723c751e8b465ee728b)  -> (artifact id: 'ff908a8fe13c620e0fb26ea6ca42e52d') in 0.011710 seconds 
  Import took 0.014956 seconds .

========================================================================
Received Import Request.
  Time since last request: 10.294127 seconds.
  path: Assets/Art/Sprites/Player Character/New Folder
  artifactKey: Guid(ed45c3543eb094d438c81fffa5ce23a2) Importer(815301076,1909f56bfc062723c751e8b465ee728b)
Start importing Assets/Art/Sprites/Player Character/New Folder using Guid(ed45c3543eb094d438c81fffa5ce23a2) Importer(815301076,1909f56bfc062723c751e8b465ee728b)  -> (artifact id: '432d807e8f7952260da1eabcfd8c8b2b') in 0.010770 seconds 
  Import took 0.014962 seconds .

========================================================================
Received Import Request.
  Time since last request: 4.533979 seconds.
  path: Assets/Art/Sprites/Player Character/Idle
  artifactKey: Guid(ed45c3543eb094d438c81fffa5ce23a2) Importer(815301076,1909f56bfc062723c751e8b465ee728b)
Start importing Assets/Art/Sprites/Player Character/Idle using Guid(ed45c3543eb094d438c81fffa5ce23a2) Importer(815301076,1909f56bfc062723c751e8b465ee728b)  -> (artifact id: '1e12afea388b1b2f6d06bf7e43be1a87') in 0.010029 seconds 
  Import took 0.013282 seconds .

========================================================================
Received Import Request.
  Time since last request: 8.954302 seconds.
  path: Assets/Art/Sprites/Player Character/Jump
  artifactKey: Guid(86adf8f661613ac498feef99025af762) Importer(815301076,1909f56bfc062723c751e8b465ee728b)
Start importing Assets/Art/Sprites/Player Character/Jump using Guid(86adf8f661613ac498feef99025af762) Importer(815301076,1909f56bfc062723c751e8b465ee728b)  -> (artifact id: '84e020014e42144a13255c4529b98b3e') in 0.010868 seconds 
  Import took 0.014040 seconds .

========================================================================
Received Import Request.
  Time since last request: 8.562378 seconds.
  path: Assets/Art/Sprites/Player Character/Run
  artifactKey: Guid(a7d4344d2d79b4041b1f2c0978269025) Importer(815301076,1909f56bfc062723c751e8b465ee728b)
Start importing Assets/Art/Sprites/Player Character/Run using Guid(a7d4344d2d79b4041b1f2c0978269025) Importer(815301076,1909f56bfc062723c751e8b465ee728b)  -> (artifact id: '58e8c0ae03510dab90dd942b0183c5ee') in 0.012009 seconds 
  Import took 0.015149 seconds .

========================================================================
Received Import Request.
  Time since last request: 64.450345 seconds.
  path: Assets/Art/Sprites/Enemy Dinossaur/Run
  artifactKey: Guid(15fb5cb9de2d31f4abbb5d98bae2e53b) Importer(815301076,1909f56bfc062723c751e8b465ee728b)
Start importing Assets/Art/Sprites/Enemy Dinossaur/Run using Guid(15fb5cb9de2d31f4abbb5d98bae2e53b) Importer(815301076,1909f56bfc062723c751e8b465ee728b)  -> (artifact id: '4e8cd95966cb4dab50c9a5c9d788bad3') in 0.003181 seconds 
  Import took 0.006366 seconds .

========================================================================
Received Import Request.
  Time since last request: 19.554662 seconds.
  path: Assets/Art/Sprites/Enemy Dinossaur/Dead
  artifactKey: Guid(93caf44df1e2f004bab5fdedb7271974) Importer(815301076,1909f56bfc062723c751e8b465ee728b)
Start importing Assets/Art/Sprites/Enemy Dinossaur/Dead using Guid(93caf44df1e2f004bab5fdedb7271974) Importer(815301076,1909f56bfc062723c751e8b465ee728b)  -> (artifact id: '5700b67ce3d1e9f66e2bba01005a62ea') in 0.003253 seconds 
  Import took 0.006369 seconds .

========================================================================
Received Import Request.
  Time since last request: 5.560192 seconds.
  path: Assets/Art/Sprites/Enemy Dinossaur/Idle
  artifactKey: Guid(ce532b39f8053344fba0a9c8d7493722) Importer(815301076,1909f56bfc062723c751e8b465ee728b)
Start importing Assets/Art/Sprites/Enemy Dinossaur/Idle using Guid(ce532b39f8053344fba0a9c8d7493722) Importer(815301076,1909f56bfc062723c751e8b465ee728b)  -> (artifact id: '8327acb8a20a196566beab64c34f335c') in 0.004850 seconds 
  Import took 0.008208 seconds .

========================================================================
Received Import Request.
  Time since last request: 29.061902 seconds.
  path: Assets/Art/Sprites/Enemy Dinossaur/Run/Walk (1).png
  artifactKey: Guid(070bfcac9f52db941b42da61a7856cdb) Importer(815301076,1909f56bfc062723c751e8b465ee728b)
Start importing Assets/Art/Sprites/Enemy Dinossaur/Run/Walk (1).png using Guid(070bfcac9f52db941b42da61a7856cdb) Importer(815301076,1909f56bfc062723c751e8b465ee728b)  -> (artifact id: 'b366e3f1bfebf1835bf6599089c86567') in 0.125490 seconds 
  Import took 0.128836 seconds .

========================================================================
Received Import Request.
  Time since last request: 0.000189 seconds.
  path: Assets/Art/Sprites/Enemy Dinossaur/Run/Walk (8).png
  artifactKey: Guid(eaefdef663211eb4697e9dd8fbc80a83) Importer(815301076,1909f56bfc062723c751e8b465ee728b)
Start importing Assets/Art/Sprites/Enemy Dinossaur/Run/Walk (8).png using Guid(eaefdef663211eb4697e9dd8fbc80a83) Importer(815301076,1909f56bfc062723c751e8b465ee728b)  -> (artifact id: 'de0c333750c4db3da5f9436daf3342dc') in 0.019654 seconds 
  Import took 0.022975 seconds .

========================================================================
Received Import Request.
  Time since last request: 0.000184 seconds.
  path: Assets/Art/Sprites/Enemy Dinossaur/Run/Walk (2).png
  artifactKey: Guid(aee2d8d3b8ea22a4ab9b049bbfc7e52a) Importer(815301076,1909f56bfc062723c751e8b465ee728b)
Start importing Assets/Art/Sprites/Enemy Dinossaur/Run/Walk (2).png using Guid(aee2d8d3b8ea22a4ab9b049bbfc7e52a) Importer(815301076,1909f56bfc062723c751e8b465ee728b)  -> (artifact id: '90901faa306ff9456599470ffc06dbcd') in 0.019776 seconds 
  Import took 0.022870 seconds .

========================================================================
Received Import Request.
  Time since last request: 0.000296 seconds.
  path: Assets/Art/Sprites/Enemy Dinossaur/Run/Walk (6).png
  artifactKey: Guid(c113b50a34b2e5749816471843329bc6) Importer(815301076,1909f56bfc062723c751e8b465ee728b)
Start importing Assets/Art/Sprites/Enemy Dinossaur/Run/Walk (6).png using Guid(c113b50a34b2e5749816471843329bc6) Importer(815301076,1909f56bfc062723c751e8b465ee728b)  -> (artifact id: '4d008c3bb1b966f3bb3b0cabae5ee99d') in 0.019718 seconds 
  Import took 0.023048 seconds .

========================================================================
Received Import Request.
  Time since last request: 0.000208 seconds.
  path: Assets/Art/Sprites/Enemy Dinossaur/Run/Walk (2).png
  artifactKey: Guid(aee2d8d3b8ea22a4ab9b049bbfc7e52a) Importer(815301076,1909f56bfc062723c751e8b465ee728b)
Start importing Assets/Art/Sprites/Enemy Dinossaur/Run/Walk (2).png using Guid(aee2d8d3b8ea22a4ab9b049bbfc7e52a) Importer(815301076,1909f56bfc062723c751e8b465ee728b)  -> (artifact id: '90901faa306ff9456599470ffc06dbcd') in 0.018464 seconds 
  Import took 0.021749 seconds .

========================================================================
Received Import Request.
  Time since last request: 0.000237 seconds.
  path: Assets/Art/Sprites/Enemy Dinossaur/Run/Walk (5).png
  artifactKey: Guid(aa33867673c5a6b47a3c6585515ff12e) Importer(815301076,1909f56bfc062723c751e8b465ee728b)
Start importing Assets/Art/Sprites/Enemy Dinossaur/Run/Walk (5).png using Guid(aa33867673c5a6b47a3c6585515ff12e) Importer(815301076,1909f56bfc062723c751e8b465ee728b)  -> (artifact id: 'e42ec615ba0a136028ec1dae34d0b863') in 0.019330 seconds 
  Import took 0.022936 seconds .

========================================================================
Received Import Request.
  Time since last request: 0.000171 seconds.
  path: Assets/Art/Sprites/Enemy Dinossaur/Run/Walk (9).png
  artifactKey: Guid(5875aef6fcda9da48a711c2a907c9413) Importer(815301076,1909f56bfc062723c751e8b465ee728b)
Start importing Assets/Art/Sprites/Enemy Dinossaur/Run/Walk (9).png using Guid(5875aef6fcda9da48a711c2a907c9413) Importer(815301076,1909f56bfc062723c751e8b465ee728b)  -> (artifact id: '500bf522a5c17d8c2063ed70914561c3') in 0.019534 seconds 
  Import took 0.022668 seconds .

========================================================================
Received Import Request.
  Time since last request: 0.000206 seconds.
  path: Assets/Art/Sprites/Enemy Dinossaur/Run/Walk (4).png
  artifactKey: Guid(854a31e532b0d344387a1918a5fbc3bb) Importer(815301076,1909f56bfc062723c751e8b465ee728b)
Start importing Assets/Art/Sprites/Enemy Dinossaur/Run/Walk (4).png using Guid(854a31e532b0d344387a1918a5fbc3bb) Importer(815301076,1909f56bfc062723c751e8b465ee728b)  -> (artifact id: '47b4362e0352a1eec55bfa2e5f3eaca8') in 0.017300 seconds 
  Import took 0.020875 seconds .

========================================================================
Received Import Request.
  Time since last request: 0.000227 seconds.
  path: Assets/Art/Sprites/Enemy Dinossaur/Run/Walk (7).png
  artifactKey: Guid(fafcedc9557eb2248964a800d696836f) Importer(815301076,1909f56bfc062723c751e8b465ee728b)
Start importing Assets/Art/Sprites/Enemy Dinossaur/Run/Walk (7).png using Guid(fafcedc9557eb2248964a800d696836f) Importer(815301076,1909f56bfc062723c751e8b465ee728b)  -> (artifact id: '31584ba9e0faf835c3c79a4708fead83') in 0.020012 seconds 
  Import took 0.023213 seconds .

========================================================================
Received Import Request.
  Time since last request: 0.000237 seconds.
  path: Assets/Art/Sprites/Enemy Dinossaur/Run/Walk (10).png
  artifactKey: Guid(712ef95715d79744ba872c83735f68eb) Importer(815301076,1909f56bfc062723c751e8b465ee728b)
Start importing Assets/Art/Sprites/Enemy Dinossaur/Run/Walk (10).png using Guid(712ef95715d79744ba872c83735f68eb) Importer(815301076,1909f56bfc062723c751e8b465ee728b)  -> (artifact id: 'ae773c6665b59866fa1655f58be2fb92') in 0.019454 seconds 
  Import took 0.022879 seconds .

========================================================================
Received Import Request.
  Time since last request: 0.000235 seconds.
  path: Assets/Art/Sprites/Enemy Dinossaur/Run/Walk (3).png
  artifactKey: Guid(7cc787dda7e442c4b9c250aefac1c616) Importer(815301076,1909f56bfc062723c751e8b465ee728b)
Start importing Assets/Art/Sprites/Enemy Dinossaur/Run/Walk (3).png using Guid(7cc787dda7e442c4b9c250aefac1c616) Importer(815301076,1909f56bfc062723c751e8b465ee728b)  -> (artifact id: 'bc26f5aaf6fedf78a0b5e1c87a42f182') in 0.019300 seconds 
  Import took 0.022794 seconds .

========================================================================
Received Import Request.
  Time since last request: 3.971904 seconds.
  path: Assets/Art/Sprites/Enemy Dinossaur/Walk
  artifactKey: Guid(15fb5cb9de2d31f4abbb5d98bae2e53b) Importer(815301076,1909f56bfc062723c751e8b465ee728b)
Start importing Assets/Art/Sprites/Enemy Dinossaur/Walk using Guid(15fb5cb9de2d31f4abbb5d98bae2e53b) Importer(815301076,1909f56bfc062723c751e8b465ee728b)  -> (artifact id: '81e8da9187ea976efcd3f41d70258978') in 0.009411 seconds 
  Import took 0.012590 seconds .

========================================================================
Received Import Request.
  Time since last request: 2.660460 seconds.
  path: Assets/Art/Sprites/Enemy Dinossaur/Dead/Dead (1).png
  artifactKey: Guid(d8de4f6a0e115034086674d5ef0743cc) Importer(815301076,1909f56bfc062723c751e8b465ee728b)
Start importing Assets/Art/Sprites/Enemy Dinossaur/Dead/Dead (1).png using Guid(d8de4f6a0e115034086674d5ef0743cc) Importer(815301076,1909f56bfc062723c751e8b465ee728b)  -> (artifact id: '9bbbc9c22cb64ccbe3e7f80684217bd4') in 0.016724 seconds 
  Import took 0.019922 seconds .

========================================================================
Received Import Request.
  Time since last request: 0.000172 seconds.
  path: Assets/Art/Sprites/Enemy Dinossaur/Dead/Dead (5).png
  artifactKey: Guid(ed77bd818b0ddb74f848295291a6494e) Importer(815301076,1909f56bfc062723c751e8b465ee728b)
Start importing Assets/Art/Sprites/Enemy Dinossaur/Dead/Dead (5).png using Guid(ed77bd818b0ddb74f848295291a6494e) Importer(815301076,1909f56bfc062723c751e8b465ee728b)  -> (artifact id: '9d5cc94aaa11fe302c342a3a4fc0f1ed') in 0.016584 seconds 
  Import took 0.019440 seconds .

========================================================================
Received Import Request.
  Time since last request: 0.000175 seconds.
  path: Assets/Art/Sprites/Enemy Dinossaur/Dead/Dead (6).png
  artifactKey: Guid(735c1ccdd0e1e824c87ede49664fdfa2) Importer(815301076,1909f56bfc062723c751e8b465ee728b)
Start importing Assets/Art/Sprites/Enemy Dinossaur/Dead/Dead (6).png using Guid(735c1ccdd0e1e824c87ede49664fdfa2) Importer(815301076,1909f56bfc062723c751e8b465ee728b)  -> (artifact id: '98e3683c6a4f35a69bd3adc8c98b73df') in 0.018210 seconds 
  Import took 0.021313 seconds .

========================================================================
Received Import Request.
  Time since last request: 0.000227 seconds.
  path: Assets/Art/Sprites/Enemy Dinossaur/Dead/Dead (4).png
  artifactKey: Guid(4e146aa5fcf09db4ca2e53a413a27047) Importer(815301076,1909f56bfc062723c751e8b465ee728b)
Start importing Assets/Art/Sprites/Enemy Dinossaur/Dead/Dead (4).png using Guid(4e146aa5fcf09db4ca2e53a413a27047) Importer(815301076,1909f56bfc062723c751e8b465ee728b)  -> (artifact id: '728e388664c0358708ecdb45dfcd3fb8') in 0.017121 seconds 
  Import took 0.020662 seconds .

========================================================================
Received Import Request.
  Time since last request: 0.000165 seconds.
  path: Assets/Art/Sprites/Enemy Dinossaur/Dead/Dead (8).png
  artifactKey: Guid(5704a2a428feedd458c773eb041b9168) Importer(815301076,1909f56bfc062723c751e8b465ee728b)
Start importing Assets/Art/Sprites/Enemy Dinossaur/Dead/Dead (8).png using Guid(5704a2a428feedd458c773eb041b9168) Importer(815301076,1909f56bfc062723c751e8b465ee728b)  -> (artifact id: '416d55dd247e347582205b7d8e77b092') in 0.016842 seconds 
  Import took 0.020496 seconds .

========================================================================
Received Import Request.
  Time since last request: 0.000197 seconds.
  path: Assets/Art/Sprites/Enemy Dinossaur/Dead/Dead (7).png
  artifactKey: Guid(f06d057997cb8994eb2ca57e5e6f7ef6) Importer(815301076,1909f56bfc062723c751e8b465ee728b)
Start importing Assets/Art/Sprites/Enemy Dinossaur/Dead/Dead (7).png using Guid(f06d057997cb8994eb2ca57e5e6f7ef6) Importer(815301076,1909f56bfc062723c751e8b465ee728b)  -> (artifact id: '98fbbce6a1903169dc20980891cd568b') in 0.016967 seconds 
  Import took 0.020169 seconds .

========================================================================
Received Import Request.
  Time since last request: 0.000233 seconds.
  path: Assets/Art/Sprites/Enemy Dinossaur/Dead/Dead (3).png
  artifactKey: Guid(97ffa34dc1c5f004a89eb708c334f864) Importer(815301076,1909f56bfc062723c751e8b465ee728b)
Start importing Assets/Art/Sprites/Enemy Dinossaur/Dead/Dead (3).png using Guid(97ffa34dc1c5f004a89eb708c334f864) Importer(815301076,1909f56bfc062723c751e8b465ee728b)  -> (artifact id: '41c68068c0c81f0505ff0247f0a45b05') in 0.017088 seconds 
  Import took 0.020331 seconds .

========================================================================
Received Import Request.
  Time since last request: 0.000198 seconds.
  path: Assets/Art/Sprites/Enemy Dinossaur/Dead/Dead (2).png
  artifactKey: Guid(acfb670b2bab0b644abcde9abf074a4f) Importer(815301076,1909f56bfc062723c751e8b465ee728b)
Start importing Assets/Art/Sprites/Enemy Dinossaur/Dead/Dead (2).png using Guid(acfb670b2bab0b644abcde9abf074a4f) Importer(815301076,1909f56bfc062723c751e8b465ee728b)  -> (artifact id: 'd059456c3186c81dfd44db934802c526') in 0.016384 seconds 
  Import took 0.019513 seconds .

========================================================================
Received Import Request.
  Time since last request: 5.935220 seconds.
  path: Assets/Art/Sprites/Player Character/Dead/Dead (1).png
  artifactKey: Guid(439250303ba94724cbe915801020b235) Importer(815301076,1909f56bfc062723c751e8b465ee728b)
Start importing Assets/Art/Sprites/Player Character/Dead/Dead (1).png using Guid(439250303ba94724cbe915801020b235) Importer(815301076,1909f56bfc062723c751e8b465ee728b)  -> (artifact id: 'ee998e61489c7817ea4929c1eadaaebd') in 0.022368 seconds 
  Import took 0.025569 seconds .

========================================================================
Received Import Request.
  Time since last request: 0.000163 seconds.
  path: Assets/Art/Sprites/Player Character/Dead/Dead (2).png
  artifactKey: Guid(d8023ed631630b54a8820167c2c40b0a) Importer(815301076,1909f56bfc062723c751e8b465ee728b)
Start importing Assets/Art/Sprites/Player Character/Dead/Dead (2).png using Guid(d8023ed631630b54a8820167c2c40b0a) Importer(815301076,1909f56bfc062723c751e8b465ee728b)  -> (artifact id: '7f503006cfe7a35008229362db87571c') in 0.017025 seconds 
  Import took 0.020751 seconds .

========================================================================
Received Import Request.
  Time since last request: 0.000209 seconds.
  path: Assets/Art/Sprites/Player Character/Dead/Dead (4).png
  artifactKey: Guid(d461226f06d916b4da6bd51522c48102) Importer(815301076,1909f56bfc062723c751e8b465ee728b)
Start importing Assets/Art/Sprites/Player Character/Dead/Dead (4).png using Guid(d461226f06d916b4da6bd51522c48102) Importer(815301076,1909f56bfc062723c751e8b465ee728b)  -> (artifact id: '78619aab036616e6a1595d8872d9dbfa') in 0.017287 seconds 
  Import took 0.020627 seconds .

========================================================================
Received Import Request.
  Time since last request: 0.000186 seconds.
  path: Assets/Art/Sprites/Player Character/Dead/Dead (6).png
  artifactKey: Guid(36bea5ecd8e91bc43a8b91e531efbac6) Importer(815301076,1909f56bfc062723c751e8b465ee728b)
Start importing Assets/Art/Sprites/Player Character/Dead/Dead (6).png using Guid(36bea5ecd8e91bc43a8b91e531efbac6) Importer(815301076,1909f56bfc062723c751e8b465ee728b)  -> (artifact id: '13e96f98f2bb8695ec973e0f4474cca5') in 0.016516 seconds 
  Import took 0.020025 seconds .

========================================================================
Received Import Request.
  Time since last request: 0.000171 seconds.
  path: Assets/Art/Sprites/Player Character/Dead/Dead (8).png
  artifactKey: Guid(e646e7184f8a41f4bb582bfb4ff59c5c) Importer(815301076,1909f56bfc062723c751e8b465ee728b)
Start importing Assets/Art/Sprites/Player Character/Dead/Dead (8).png using Guid(e646e7184f8a41f4bb582bfb4ff59c5c) Importer(815301076,1909f56bfc062723c751e8b465ee728b)  -> (artifact id: 'e155c1d27210eba22711cdd82d36ff75') in 0.017350 seconds 
  Import took 0.020428 seconds .

========================================================================
Received Import Request.
  Time since last request: 0.000240 seconds.
  path: Assets/Art/Sprites/Player Character/Dead/Dead (3).png
  artifactKey: Guid(3a1e85d539f6f074394eb4d160118c26) Importer(815301076,1909f56bfc062723c751e8b465ee728b)
Start importing Assets/Art/Sprites/Player Character/Dead/Dead (3).png using Guid(3a1e85d539f6f074394eb4d160118c26) Importer(815301076,1909f56bfc062723c751e8b465ee728b)  -> (artifact id: 'e16683fdf563a412573f12e0bc30e5a2') in 0.015584 seconds 
  Import took 0.018837 seconds .

========================================================================
Received Import Request.
  Time since last request: 0.000164 seconds.
  path: Assets/Art/Sprites/Player Character/Dead/Dead (9).png
  artifactKey: Guid(04bd7bc4aa993f741bfc02def66332f0) Importer(815301076,1909f56bfc062723c751e8b465ee728b)
Start importing Assets/Art/Sprites/Player Character/Dead/Dead (9).png using Guid(04bd7bc4aa993f741bfc02def66332f0) Importer(815301076,1909f56bfc062723c751e8b465ee728b)  -> (artifact id: '1e20a2df61d742f11eb89d712a1850c7') in 0.018002 seconds 
  Import took 0.021642 seconds .

========================================================================
Received Import Request.
  Time since last request: 0.000230 seconds.
  path: Assets/Art/Sprites/Player Character/Dead/Dead (5).png
  artifactKey: Guid(308e85f049b6e314e9e8ca33163fe18b) Importer(815301076,1909f56bfc062723c751e8b465ee728b)
Start importing Assets/Art/Sprites/Player Character/Dead/Dead (5).png using Guid(308e85f049b6e314e9e8ca33163fe18b) Importer(815301076,1909f56bfc062723c751e8b465ee728b)  -> (artifact id: '1bca9f5a6da16ad5389100eb56bd1d5e') in 0.016966 seconds 
  Import took 0.020239 seconds .

========================================================================
Received Import Request.
  Time since last request: 0.000215 seconds.
  path: Assets/Art/Sprites/Player Character/Dead/Dead (7).png
  artifactKey: Guid(11d82731100cda847a979394a121beda) Importer(815301076,1909f56bfc062723c751e8b465ee728b)
Start importing Assets/Art/Sprites/Player Character/Dead/Dead (7).png using Guid(11d82731100cda847a979394a121beda) Importer(815301076,1909f56bfc062723c751e8b465ee728b)  -> (artifact id: '4e13f2f6bb2beae09e82e2ddb074dc60') in 0.015386 seconds 
  Import took 0.018636 seconds .

========================================================================
Received Import Request.
  Time since last request: 0.000189 seconds.
  path: Assets/Art/Sprites/Player Character/Dead/Dead (10).png
  artifactKey: Guid(291dda5d4b4b9f24395028ac76f316fb) Importer(815301076,1909f56bfc062723c751e8b465ee728b)
Start importing Assets/Art/Sprites/Player Character/Dead/Dead (10).png using Guid(291dda5d4b4b9f24395028ac76f316fb) Importer(815301076,1909f56bfc062723c751e8b465ee728b)  -> (artifact id: '00e2b49ce1e018cc06136e03704f5b85') in 0.019820 seconds 
  Import took 0.023505 seconds .

========================================================================
Received Import Request.
  Time since last request: 0.002704 seconds.
  path: Assets/Art/Sprites/Player Character/Dead/Dead (10).png
  artifactKey: Guid(291dda5d4b4b9f24395028ac76f316fb) Importer(815301076,1909f56bfc062723c751e8b465ee728b)
Start importing Assets/Art/Sprites/Player Character/Dead/Dead (10).png using Guid(291dda5d4b4b9f24395028ac76f316fb) Importer(815301076,1909f56bfc062723c751e8b465ee728b)  -> (artifact id: '00e2b49ce1e018cc06136e03704f5b85') in 0.015095 seconds 
  Import took 0.018465 seconds .

========================================================================
Received Import Request.
  Time since last request: 1.693003 seconds.
  path: Assets/Art/Sprites/Player Character/Hurt/Hurt (1).png
  artifactKey: Guid(51eda448035051641ba1879a39cb92cb) Importer(815301076,1909f56bfc062723c751e8b465ee728b)
Start importing Assets/Art/Sprites/Player Character/Hurt/Hurt (1).png using Guid(51eda448035051641ba1879a39cb92cb) Importer(815301076,1909f56bfc062723c751e8b465ee728b)  -> (artifact id: '727090d816a1fb96bd7eeb78d0cf67cb') in 0.016468 seconds 
  Import took 0.019777 seconds .

========================================================================
Received Import Request.
  Time since last request: 0.000241 seconds.
  path: Assets/Art/Sprites/Player Character/Hurt/Hurt (6).png
  artifactKey: Guid(8bdb84d9d4349f74d89510b94bfc138d) Importer(815301076,1909f56bfc062723c751e8b465ee728b)
Start importing Assets/Art/Sprites/Player Character/Hurt/Hurt (6).png using Guid(8bdb84d9d4349f74d89510b94bfc138d) Importer(815301076,1909f56bfc062723c751e8b465ee728b)  -> (artifact id: '9940e68ae5d04818b1e3e023e8a01461') in 0.018589 seconds 
  Import took 0.021857 seconds .

========================================================================
Received Import Request.
  Time since last request: 0.000179 seconds.
  path: Assets/Art/Sprites/Player Character/Hurt/Hurt (3).png
  artifactKey: Guid(1c6c6d562584f0946b761bf80c42685a) Importer(815301076,1909f56bfc062723c751e8b465ee728b)
Start importing Assets/Art/Sprites/Player Character/Hurt/Hurt (3).png using Guid(1c6c6d562584f0946b761bf80c42685a) Importer(815301076,1909f56bfc062723c751e8b465ee728b)  -> (artifact id: '8cbaecc5f319c3951ad812a70cf75ede') in 0.018159 seconds 
  Import took 0.021283 seconds .

========================================================================
Received Import Request.
  Time since last request: 0.000178 seconds.
  path: Assets/Art/Sprites/Player Character/Hurt/Hurt (5).png
  artifactKey: Guid(8fda11adca6798d49adace0082e12b60) Importer(815301076,1909f56bfc062723c751e8b465ee728b)
Start importing Assets/Art/Sprites/Player Character/Hurt/Hurt (5).png using Guid(8fda11adca6798d49adace0082e12b60) Importer(815301076,1909f56bfc062723c751e8b465ee728b)  -> (artifact id: '4dce0ec3260cf8250e67d56cd801fa5e') in 0.017130 seconds 
  Import took 0.020075 seconds .

========================================================================
Received Import Request.
  Time since last request: 0.000224 seconds.
  path: Assets/Art/Sprites/Player Character/Hurt/Hurt (8).png
  artifactKey: Guid(e16ef2ff0589c7e458aec15e1e1a735c) Importer(815301076,1909f56bfc062723c751e8b465ee728b)
Start importing Assets/Art/Sprites/Player Character/Hurt/Hurt (8).png using Guid(e16ef2ff0589c7e458aec15e1e1a735c) Importer(815301076,1909f56bfc062723c751e8b465ee728b)  -> (artifact id: '42efe3578f571e97065c1308ba807556') in 0.016597 seconds 
  Import took 0.020064 seconds .

========================================================================
Received Import Request.
  Time since last request: 0.000208 seconds.
  path: Assets/Art/Sprites/Player Character/Hurt/Hurt (2).png
  artifactKey: Guid(0d9d26a7f4890d1408d234a9a08857a1) Importer(815301076,1909f56bfc062723c751e8b465ee728b)
Start importing Assets/Art/Sprites/Player Character/Hurt/Hurt (2).png using Guid(0d9d26a7f4890d1408d234a9a08857a1) Importer(815301076,1909f56bfc062723c751e8b465ee728b)  -> (artifact id: '8076fa47db22f4c0ede1ad406ff9d9e5') in 0.019139 seconds 
  Import took 0.022845 seconds .

========================================================================
Received Import Request.
  Time since last request: 0.000233 seconds.
  path: Assets/Art/Sprites/Player Character/Hurt/Hurt (7).png
  artifactKey: Guid(d18d1fc9e2a010248a820c939b74d441) Importer(815301076,1909f56bfc062723c751e8b465ee728b)
Start importing Assets/Art/Sprites/Player Character/Hurt/Hurt (7).png using Guid(d18d1fc9e2a010248a820c939b74d441) Importer(815301076,1909f56bfc062723c751e8b465ee728b)  -> (artifact id: '89560f3edc12c445b353a076300f7fc0') in 0.020098 seconds 
  Import took 0.023933 seconds .

========================================================================
Received Import Request.
  Time since last request: 0.000235 seconds.
  path: Assets/Art/Sprites/Player Character/Hurt/Hurt (4).png
  artifactKey: Guid(4d2ebb51ecd75a44fb610aa5c271051b) Importer(815301076,1909f56bfc062723c751e8b465ee728b)
Start importing Assets/Art/Sprites/Player Character/Hurt/Hurt (4).png using Guid(4d2ebb51ecd75a44fb610aa5c271051b) Importer(815301076,1909f56bfc062723c751e8b465ee728b)  -> (artifact id: '5d310fbfd6c9504d32d49230b2da89a5') in 0.021961 seconds 
  Import took 0.025510 seconds .

========================================================================
Received Import Request.
  Time since last request: 0.004930 seconds.
  path: Assets/Art/Sprites/Player Character/Hurt/Hurt (4).png
  artifactKey: Guid(4d2ebb51ecd75a44fb610aa5c271051b) Importer(815301076,1909f56bfc062723c751e8b465ee728b)
Start importing Assets/Art/Sprites/Player Character/Hurt/Hurt (4).png using Guid(4d2ebb51ecd75a44fb610aa5c271051b) Importer(815301076,1909f56bfc062723c751e8b465ee728b)  -> (artifact id: '5d310fbfd6c9504d32d49230b2da89a5') in 0.017772 seconds 
  Import took 0.021794 seconds .

========================================================================
Received Import Request.
  Time since last request: 1.397381 seconds.
  path: Assets/Art/Sprites/Player Character/Idle/Idle (1).png
  artifactKey: Guid(7f1c2f6a8c71502459aa895c5eebfabc) Importer(815301076,1909f56bfc062723c751e8b465ee728b)
Start importing Assets/Art/Sprites/Player Character/Idle/Idle (1).png using Guid(7f1c2f6a8c71502459aa895c5eebfabc) Importer(815301076,1909f56bfc062723c751e8b465ee728b)  -> (artifact id: 'bb057d164d6874094a1dad3bce0c3c8a') in 0.016379 seconds 
  Import took 0.019665 seconds .

========================================================================
Received Import Request.
  Time since last request: 0.000210 seconds.
  path: Assets/Art/Sprites/Player Character/Idle/Idle (3).png
  artifactKey: Guid(6d0cf49f9d6e9ba4abe6446461d4e0d3) Importer(815301076,1909f56bfc062723c751e8b465ee728b)
Start importing Assets/Art/Sprites/Player Character/Idle/Idle (3).png using Guid(6d0cf49f9d6e9ba4abe6446461d4e0d3) Importer(815301076,1909f56bfc062723c751e8b465ee728b)  -> (artifact id: '2fe5ab548c441e243b4577e02dc71789') in 0.019805 seconds 
  Import took 0.022753 seconds .

========================================================================
Received Import Request.
  Time since last request: 0.000224 seconds.
  path: Assets/Art/Sprites/Player Character/Idle/Idle (7).png
  artifactKey: Guid(d3e4b693d37d2944d946f7566c21e971) Importer(815301076,1909f56bfc062723c751e8b465ee728b)
Start importing Assets/Art/Sprites/Player Character/Idle/Idle (7).png using Guid(d3e4b693d37d2944d946f7566c21e971) Importer(815301076,1909f56bfc062723c751e8b465ee728b)  -> (artifact id: '593dbdeef16526b73a545b39afa2fb7e') in 0.019391 seconds 
  Import took 0.022869 seconds .

========================================================================
Received Import Request.
  Time since last request: 0.000175 seconds.
  path: Assets/Art/Sprites/Player Character/Idle/Idle (9).png
  artifactKey: Guid(a1dd0f79f56bbef439d31e9685030789) Importer(815301076,1909f56bfc062723c751e8b465ee728b)
Start importing Assets/Art/Sprites/Player Character/Idle/Idle (9).png using Guid(a1dd0f79f56bbef439d31e9685030789) Importer(815301076,1909f56bfc062723c751e8b465ee728b)  -> (artifact id: 'af97f9993bd80f85b396e08dab670940') in 0.018584 seconds 
  Import took 0.021517 seconds .

========================================================================
Received Import Request.
  Time since last request: 0.000229 seconds.
  path: Assets/Art/Sprites/Player Character/Idle/Idle (10).png
  artifactKey: Guid(291986631e2824248a3e9beb2e3ac88c) Importer(815301076,1909f56bfc062723c751e8b465ee728b)
Start importing Assets/Art/Sprites/Player Character/Idle/Idle (10).png using Guid(291986631e2824248a3e9beb2e3ac88c) Importer(815301076,1909f56bfc062723c751e8b465ee728b)  -> (artifact id: 'b85458e28fb1847c11a846db61b0f77c') in 0.018407 seconds 
  Import took 0.021978 seconds .

========================================================================
Received Import Request.
  Time since last request: 0.000200 seconds.
  path: Assets/Art/Sprites/Player Character/Idle/Idle (2).png
  artifactKey: Guid(1a9a056538f4692429b0b64f8639a46f) Importer(815301076,1909f56bfc062723c751e8b465ee728b)
Start importing Assets/Art/Sprites/Player Character/Idle/Idle (2).png using Guid(1a9a056538f4692429b0b64f8639a46f) Importer(815301076,1909f56bfc062723c751e8b465ee728b)  -> (artifact id: '57ed99317cbbdc82dc675efd8b580fe9') in 0.018937 seconds 
  Import took 0.022451 seconds .

========================================================================
Received Import Request.
  Time since last request: 0.000233 seconds.
  path: Assets/Art/Sprites/Player Character/Idle/Idle (4).png
  artifactKey: Guid(32e408a4bd69b2d47bc82952ef4d2d47) Importer(815301076,1909f56bfc062723c751e8b465ee728b)
Start importing Assets/Art/Sprites/Player Character/Idle/Idle (4).png using Guid(32e408a4bd69b2d47bc82952ef4d2d47) Importer(815301076,1909f56bfc062723c751e8b465ee728b)  -> (artifact id: '0c221a713586a9ead1351639f910f00f') in 0.019171 seconds 
  Import took 0.022654 seconds .

========================================================================
Received Import Request.
  Time since last request: 0.000231 seconds.
  path: Assets/Art/Sprites/Player Character/Idle/Idle (8).png
  artifactKey: Guid(47a8b9d439d775d429c69659e24ae3f2) Importer(815301076,1909f56bfc062723c751e8b465ee728b)
Start importing Assets/Art/Sprites/Player Character/Idle/Idle (8).png using Guid(47a8b9d439d775d429c69659e24ae3f2) Importer(815301076,1909f56bfc062723c751e8b465ee728b)  -> (artifact id: 'f1e1ecd792ff57fd07bfcdbd8961d8dc') in 0.020561 seconds 
  Import took 0.024390 seconds .

========================================================================
Received Import Request.
  Time since last request: 0.000229 seconds.
  path: Assets/Art/Sprites/Player Character/Idle/Idle (5).png
  artifactKey: Guid(27984d6c9da08ca4e9e0eca9231b7983) Importer(815301076,1909f56bfc062723c751e8b465ee728b)
Start importing Assets/Art/Sprites/Player Character/Idle/Idle (5).png using Guid(27984d6c9da08ca4e9e0eca9231b7983) Importer(815301076,1909f56bfc062723c751e8b465ee728b)  -> (artifact id: '574379a09d9a63f2da05ff4a1acf2c7e') in 0.018057 seconds 
  Import took 0.021667 seconds .

========================================================================
Received Import Request.
  Time since last request: 0.000198 seconds.
  path: Assets/Art/Sprites/Player Character/Idle/Idle (6).png
  artifactKey: Guid(52979e0db534d48449e0edb72276986c) Importer(815301076,1909f56bfc062723c751e8b465ee728b)
Start importing Assets/Art/Sprites/Player Character/Idle/Idle (6).png using Guid(52979e0db534d48449e0edb72276986c) Importer(815301076,1909f56bfc062723c751e8b465ee728b)  -> (artifact id: 'd6dcc47ad57c58a7872ff3a3ff7455d0') in 0.017991 seconds 
  Import took 0.021965 seconds .

========================================================================
Received Import Request.
  Time since last request: 0.003945 seconds.
  path: Assets/Art/Sprites/Player Character/Idle/Idle (6).png
  artifactKey: Guid(52979e0db534d48449e0edb72276986c) Importer(815301076,1909f56bfc062723c751e8b465ee728b)
Start importing Assets/Art/Sprites/Player Character/Idle/Idle (6).png using Guid(52979e0db534d48449e0edb72276986c) Importer(815301076,1909f56bfc062723c751e8b465ee728b)  -> (artifact id: 'd6dcc47ad57c58a7872ff3a3ff7455d0') in 0.016332 seconds 
  Import took 0.020327 seconds .

========================================================================
Received Import Request.
  Time since last request: 1.419293 seconds.
  path: Assets/Art/Sprites/Player Character/Jump/Jump (1).png
  artifactKey: Guid(64e37567b6b175e46ae9de77e6752e14) Importer(815301076,1909f56bfc062723c751e8b465ee728b)
Start importing Assets/Art/Sprites/Player Character/Jump/Jump (1).png using Guid(64e37567b6b175e46ae9de77e6752e14) Importer(815301076,1909f56bfc062723c751e8b465ee728b)  -> (artifact id: '3e0a31baf0a83ea08fe9e2d8c5a39016') in 0.022787 seconds 
  Import took 0.026949 seconds .

========================================================================
Received Import Request.
  Time since last request: 0.000220 seconds.
  path: Assets/Art/Sprites/Player Character/Jump/Jump (11).png
  artifactKey: Guid(1e309fa2d74fd1b4e8160e815d22aeb9) Importer(815301076,1909f56bfc062723c751e8b465ee728b)
Start importing Assets/Art/Sprites/Player Character/Jump/Jump (11).png using Guid(1e309fa2d74fd1b4e8160e815d22aeb9) Importer(815301076,1909f56bfc062723c751e8b465ee728b)  -> (artifact id: 'e1d2e79a1f36284cd2f99bcf3dba8151') in 0.025613 seconds 
  Import took 0.029697 seconds .

========================================================================
Received Import Request.
  Time since last request: 0.000245 seconds.
  path: Assets/Art/Sprites/Player Character/Jump/Jump (9).png
  artifactKey: Guid(2985c2a63afc8724c870d7a537d39aa1) Importer(815301076,1909f56bfc062723c751e8b465ee728b)
Start importing Assets/Art/Sprites/Player Character/Jump/Jump (9).png using Guid(2985c2a63afc8724c870d7a537d39aa1) Importer(815301076,1909f56bfc062723c751e8b465ee728b)  -> (artifact id: 'e442e91544e4f52de7ca4a22c5c34c1b') in 0.021705 seconds 
  Import took 0.025921 seconds .

========================================================================
Received Import Request.
  Time since last request: 0.000205 seconds.
  path: Assets/Art/Sprites/Player Character/Jump/Jump (12).png
  artifactKey: Guid(e41220aaceea20a498627e753eb4e26e) Importer(815301076,1909f56bfc062723c751e8b465ee728b)
Start importing Assets/Art/Sprites/Player Character/Jump/Jump (12).png using Guid(e41220aaceea20a498627e753eb4e26e) Importer(815301076,1909f56bfc062723c751e8b465ee728b)  -> (artifact id: 'f69c88af339b92b01833695234fff082') in 0.023155 seconds 
  Import took 0.027260 seconds .

========================================================================
Received Import Request.
  Time since last request: 0.000221 seconds.
  path: Assets/Art/Sprites/Player Character/Jump/Jump (8).png
  artifactKey: Guid(a91f76d665a88814c8c0c349da9b5f9e) Importer(815301076,1909f56bfc062723c751e8b465ee728b)
Start importing Assets/Art/Sprites/Player Character/Jump/Jump (8).png using Guid(a91f76d665a88814c8c0c349da9b5f9e) Importer(815301076,1909f56bfc062723c751e8b465ee728b)  -> (artifact id: 'fea9e57d74ba81987ab08351a743be07') in 0.021975 seconds 
  Import took 0.026232 seconds .

========================================================================
Received Import Request.
  Time since last request: 0.000240 seconds.
  path: Assets/Art/Sprites/Player Character/Jump/Jump (5).png
  artifactKey: Guid(ef5bdfe5b83ab064fba70021443639e3) Importer(815301076,1909f56bfc062723c751e8b465ee728b)
Start importing Assets/Art/Sprites/Player Character/Jump/Jump (5).png using Guid(ef5bdfe5b83ab064fba70021443639e3) Importer(815301076,1909f56bfc062723c751e8b465ee728b)  -> (artifact id: '8264b76bb24207aebcb43949fb214eb4') in 0.021793 seconds 
  Import took 0.026355 seconds .

========================================================================
Received Import Request.
  Time since last request: 0.000225 seconds.
  path: Assets/Art/Sprites/Player Character/Jump/Jump (3).png
  artifactKey: Guid(85f4f14d5c54bce43bbb2514275ae01d) Importer(815301076,1909f56bfc062723c751e8b465ee728b)
Start importing Assets/Art/Sprites/Player Character/Jump/Jump (3).png using Guid(85f4f14d5c54bce43bbb2514275ae01d) Importer(815301076,1909f56bfc062723c751e8b465ee728b)  -> (artifact id: '4b514d6de7bdd5b41d5f89375252260d') in 0.022137 seconds 
  Import took 0.026001 seconds .

========================================================================
Received Import Request.
  Time since last request: 0.000227 seconds.
  path: Assets/Art/Sprites/Player Character/Jump/Jump (4).png
  artifactKey: Guid(8d4d1dd5c47547248a7f50073f556330) Importer(815301076,1909f56bfc062723c751e8b465ee728b)
Start importing Assets/Art/Sprites/Player Character/Jump/Jump (4).png using Guid(8d4d1dd5c47547248a7f50073f556330) Importer(815301076,1909f56bfc062723c751e8b465ee728b)  -> (artifact id: 'b5cb53d58fcf93fb53db81ce1deb55d5') in 0.020852 seconds 
  Import took 0.025419 seconds .

========================================================================
Received Import Request.
  Time since last request: 0.000218 seconds.
  path: Assets/Art/Sprites/Player Character/Jump/Jump (6).png
  artifactKey: Guid(4c0144798ef1b8e47b0204fb816c815f) Importer(815301076,1909f56bfc062723c751e8b465ee728b)
Start importing Assets/Art/Sprites/Player Character/Jump/Jump (6).png using Guid(4c0144798ef1b8e47b0204fb816c815f) Importer(815301076,1909f56bfc062723c751e8b465ee728b)  -> (artifact id: '5d1de1b28f3a190532b56238cd3cc36a') in 0.021605 seconds 
  Import took 0.025756 seconds .

========================================================================
Received Import Request.
  Time since last request: 0.000248 seconds.
  path: Assets/Art/Sprites/Player Character/Jump/Jump (7).png
  artifactKey: Guid(2e47bd2a51351184ea8988ad9fe07974) Importer(815301076,1909f56bfc062723c751e8b465ee728b)
Start importing Assets/Art/Sprites/Player Character/Jump/Jump (7).png using Guid(2e47bd2a51351184ea8988ad9fe07974) Importer(815301076,1909f56bfc062723c751e8b465ee728b)  -> (artifact id: 'ae3e7599141ead1c038ffe8e74e1576d') in 0.019469 seconds 
  Import took 0.023451 seconds .

========================================================================
Received Import Request.
  Time since last request: 0.000244 seconds.
  path: Assets/Art/Sprites/Player Character/Jump/Jump (10).png
  artifactKey: Guid(7dcf838aea1466b41b621912662bdd63) Importer(815301076,1909f56bfc062723c751e8b465ee728b)
Start importing Assets/Art/Sprites/Player Character/Jump/Jump (10).png using Guid(7dcf838aea1466b41b621912662bdd63) Importer(815301076,1909f56bfc062723c751e8b465ee728b)  -> (artifact id: '7ced34021437db0d9b49fe27a6831dd9') in 0.020523 seconds 
  Import took 0.024371 seconds .

========================================================================
Received Import Request.
  Time since last request: 0.000260 seconds.
  path: Assets/Art/Sprites/Player Character/Jump/Jump (2).png
  artifactKey: Guid(47e7289f9f659fa4a9226dac91d744b0) Importer(815301076,1909f56bfc062723c751e8b465ee728b)
Start importing Assets/Art/Sprites/Player Character/Jump/Jump (2).png using Guid(47e7289f9f659fa4a9226dac91d744b0) Importer(815301076,1909f56bfc062723c751e8b465ee728b)  -> (artifact id: 'ed83dda9f1a1435843a36dcf793a07cb') in 0.022168 seconds 
  Import took 0.026348 seconds .

========================================================================
Received Import Request.
  Time since last request: 1.601233 seconds.
  path: Assets/Art/Sprites/Player Character/Run/Run (1).png
  artifactKey: Guid(37621c85d9133674f814d932a885f03d) Importer(815301076,1909f56bfc062723c751e8b465ee728b)
Start importing Assets/Art/Sprites/Player Character/Run/Run (1).png using Guid(37621c85d9133674f814d932a885f03d) Importer(815301076,1909f56bfc062723c751e8b465ee728b)  -> (artifact id: '108705600e66f20f40009b4fd4cee9c7') in 0.016223 seconds 
  Import took 0.019447 seconds .

========================================================================
Received Import Request.
  Time since last request: 0.000202 seconds.
  path: Assets/Art/Sprites/Player Character/Run/Run (4).png
  artifactKey: Guid(16d64a5b365d1294da9dbd4322e5c8f7) Importer(815301076,1909f56bfc062723c751e8b465ee728b)
Start importing Assets/Art/Sprites/Player Character/Run/Run (4).png using Guid(16d64a5b365d1294da9dbd4322e5c8f7) Importer(815301076,1909f56bfc062723c751e8b465ee728b)  -> (artifact id: 'b558cf77a9332c29a138fc6d8b501946') in 0.018334 seconds 
  Import took 0.021697 seconds .

========================================================================
Received Import Request.
  Time since last request: 0.000159 seconds.
  path: Assets/Art/Sprites/Player Character/Run/Run (3).png
  artifactKey: Guid(0bbadd734e1a0db40bfc76e42d4bd29a) Importer(815301076,1909f56bfc062723c751e8b465ee728b)
Start importing Assets/Art/Sprites/Player Character/Run/Run (3).png using Guid(0bbadd734e1a0db40bfc76e42d4bd29a) Importer(815301076,1909f56bfc062723c751e8b465ee728b)  -> (artifact id: '68ff7344ccaa8b2103da584bd23ade88') in 0.018636 seconds 
  Import took 0.021598 seconds .

========================================================================
Received Import Request.
  Time since last request: 0.000175 seconds.
  path: Assets/Art/Sprites/Player Character/Run/Run (5).png
  artifactKey: Guid(7f834edd805c402489917af929071293) Importer(815301076,1909f56bfc062723c751e8b465ee728b)
Start importing Assets/Art/Sprites/Player Character/Run/Run (5).png using Guid(7f834edd805c402489917af929071293) Importer(815301076,1909f56bfc062723c751e8b465ee728b)  -> (artifact id: 'd8082648ef47a45708bce31b8ea51598') in 0.019339 seconds 
  Import took 0.022507 seconds .

========================================================================
Received Import Request.
  Time since last request: 0.000172 seconds.
  path: Assets/Art/Sprites/Player Character/Run/Run (7).png
  artifactKey: Guid(852a935ed624d8444aca3ce57c447c37) Importer(815301076,1909f56bfc062723c751e8b465ee728b)
Start importing Assets/Art/Sprites/Player Character/Run/Run (7).png using Guid(852a935ed624d8444aca3ce57c447c37) Importer(815301076,1909f56bfc062723c751e8b465ee728b)  -> (artifact id: 'bd26541db29444932def35506b1fc57a') in 0.019161 seconds 
  Import took 0.022154 seconds .

========================================================================
Received Import Request.
  Time since last request: 0.000237 seconds.
  path: Assets/Art/Sprites/Player Character/Run/Run (6).png
  artifactKey: Guid(5432e42dbdc65b14eb34b7046cc9e569) Importer(815301076,1909f56bfc062723c751e8b465ee728b)
Start importing Assets/Art/Sprites/Player Character/Run/Run (6).png using Guid(5432e42dbdc65b14eb34b7046cc9e569) Importer(815301076,1909f56bfc062723c751e8b465ee728b)  -> (artifact id: 'e9e9d0ada48205a5c135aa60fce75112') in 0.018327 seconds 
  Import took 0.021669 seconds .

========================================================================
Received Import Request.
  Time since last request: 0.000236 seconds.
  path: Assets/Art/Sprites/Player Character/Run/Run (8).png
  artifactKey: Guid(8e7e102cb9ebd584aaacba7d12e76ad3) Importer(815301076,1909f56bfc062723c751e8b465ee728b)
Start importing Assets/Art/Sprites/Player Character/Run/Run (8).png using Guid(8e7e102cb9ebd584aaacba7d12e76ad3) Importer(815301076,1909f56bfc062723c751e8b465ee728b)  -> (artifact id: '62cdb9089d699c79568b1c7cea0de363') in 0.018536 seconds 
  Import took 0.022163 seconds .

========================================================================
Received Import Request.
  Time since last request: 0.000334 seconds.
  path: Assets/Art/Sprites/Player Character/Run/Run (2).png
  artifactKey: Guid(b465d039699cae748acd63cd20094b9f) Importer(815301076,1909f56bfc062723c751e8b465ee728b)
Start importing Assets/Art/Sprites/Player Character/Run/Run (2).png using Guid(b465d039699cae748acd63cd20094b9f) Importer(815301076,1909f56bfc062723c751e8b465ee728b)  -> (artifact id: 'a6b4b35ee638cdee801be60b435bf18f') in 0.017677 seconds 
  Import took 0.021223 seconds .

========================================================================
Received Import Request.
  Time since last request: 0.003849 seconds.
  path: Assets/Art/Sprites/Player Character/Run/Run (2).png
  artifactKey: Guid(b465d039699cae748acd63cd20094b9f) Importer(815301076,1909f56bfc062723c751e8b465ee728b)
Start importing Assets/Art/Sprites/Player Character/Run/Run (2).png using Guid(b465d039699cae748acd63cd20094b9f) Importer(815301076,1909f56bfc062723c751e8b465ee728b)  -> (artifact id: 'a6b4b35ee638cdee801be60b435bf18f') in 0.016593 seconds 
  Import took 0.020306 seconds .

========================================================================
Received Import Request.
  Time since last request: 9.989335 seconds.
  path: Assets/Art/Sprites/Characters
  artifactKey: Guid(b384ddff657807e49b69d2429c38de3b) Importer(815301076,1909f56bfc062723c751e8b465ee728b)
Start importing Assets/Art/Sprites/Characters using Guid(b384ddff657807e49b69d2429c38de3b) Importer(815301076,1909f56bfc062723c751e8b465ee728b)  -> (artifact id: '6e9710980011ede873c4e6aae5c47767') in 0.010275 seconds 
  Import took 0.014755 seconds .

========================================================================
Received Import Request.
  Time since last request: 0.002015 seconds.
  path: Assets/Art/Sprites/Characters
  artifactKey: Guid(b384ddff657807e49b69d2429c38de3b) Importer(815301076,1909f56bfc062723c751e8b465ee728b)
Start importing Assets/Art/Sprites/Characters using Guid(b384ddff657807e49b69d2429c38de3b) Importer(815301076,1909f56bfc062723c751e8b465ee728b)  -> (artifact id: '6e9710980011ede873c4e6aae5c47767') in 0.003868 seconds 
  Import took 0.008142 seconds .

========================================================================
Received Import Request.
  Time since last request: 10.593981 seconds.
  path: Assets/Art/Sprites/Ambient
  artifactKey: Guid(fd8109aaf3b5aee4ab284430df724f62) Importer(815301076,1909f56bfc062723c751e8b465ee728b)
Start importing Assets/Art/Sprites/Ambient using Guid(fd8109aaf3b5aee4ab284430df724f62) Importer(815301076,1909f56bfc062723c751e8b465ee728b)  -> (artifact id: '4aeb9f4c00424b7259d9bc50ebe87782') in 0.008330 seconds 
  Import took 0.011504 seconds .

========================================================================
Received Import Request.
  Time since last request: 41.071204 seconds.
  path: Assets/Art/Sprites/Ambient/Object
  artifactKey: Guid(47e2ebecfb635424a8e7ac61a9a68f2e) Importer(815301076,1909f56bfc062723c751e8b465ee728b)
Start importing Assets/Art/Sprites/Ambient/Object using Guid(47e2ebecfb635424a8e7ac61a9a68f2e) Importer(815301076,1909f56bfc062723c751e8b465ee728b)  -> (artifact id: '1c7f27522634fdb58a6ade4850153cdc') in 0.007425 seconds 
  Import took 0.010568 seconds .

========================================================================
Received Import Request.
  Time since last request: 4.708830 seconds.
  path: Assets/Art/Sprites/Ambient/Objects
  artifactKey: Guid(47e2ebecfb635424a8e7ac61a9a68f2e) Importer(815301076,1909f56bfc062723c751e8b465ee728b)
Start importing Assets/Art/Sprites/Ambient/Objects using Guid(47e2ebecfb635424a8e7ac61a9a68f2e) Importer(815301076,1909f56bfc062723c751e8b465ee728b)  -> (artifact id: '307ccdd69de11e7785f98235a30a608b') in 0.007778 seconds 
  Import took 0.010906 seconds .

========================================================================
Received Import Request.
  Time since last request: 0.542055 seconds.
  path: Assets/Art/Sprites/Ambient/Tiles
  artifactKey: Guid(f6d3585a7f987f84e94d278b3da42af4) Importer(815301076,1909f56bfc062723c751e8b465ee728b)
Start importing Assets/Art/Sprites/Ambient/Tiles using Guid(f6d3585a7f987f84e94d278b3da42af4) Importer(815301076,1909f56bfc062723c751e8b465ee728b)  -> (artifact id: '0847e1802d0d871f5f60c291675be809') in 0.007694 seconds 
  Import took 0.010822 seconds .

========================================================================
Received Import Request.
  Time since last request: 0.070303 seconds.
  path: Assets/Art/Sprites/Ambient/Tiles/1.png
  artifactKey: Guid(1462ef56ad8d01e419fa61b4a96d0850) Importer(815301076,1909f56bfc062723c751e8b465ee728b)
Start importing Assets/Art/Sprites/Ambient/Tiles/1.png using Guid(1462ef56ad8d01e419fa61b4a96d0850) Importer(815301076,1909f56bfc062723c751e8b465ee728b)  -> (artifact id: 'c9320542604b49345245d311f0e9574f') in 0.018971 seconds 
  Import took 0.022202 seconds .

========================================================================
Received Import Request.
  Time since last request: 0.000200 seconds.
  path: Assets/Art/Sprites/Ambient/Tiles/12.png
  artifactKey: Guid(5263a62223e75cd4da3a800456423d0e) Importer(815301076,1909f56bfc062723c751e8b465ee728b)
Start importing Assets/Art/Sprites/Ambient/Tiles/12.png using Guid(5263a62223e75cd4da3a800456423d0e) Importer(815301076,1909f56bfc062723c751e8b465ee728b)  -> (artifact id: '3cad9c810209289493b5d778719fafee') in 0.017789 seconds 
  Import took 0.020806 seconds .

========================================================================
Received Import Request.
  Time since last request: 0.000208 seconds.
  path: Assets/Art/Sprites/Ambient/Tiles/2.png
  artifactKey: Guid(790aa3b967ea4e6439e52d8465815d29) Importer(815301076,1909f56bfc062723c751e8b465ee728b)
Start importing Assets/Art/Sprites/Ambient/Tiles/2.png using Guid(790aa3b967ea4e6439e52d8465815d29) Importer(815301076,1909f56bfc062723c751e8b465ee728b)  -> (artifact id: '3d5832236398eb58420e23f90d94535c') in 0.017842 seconds 
  Import took 0.021033 seconds .

========================================================================
Received Import Request.
  Time since last request: 0.000175 seconds.
  path: Assets/Art/Sprites/Ambient/Tiles/7.png
  artifactKey: Guid(996fbab7de6ac7846b1a6096826f1841) Importer(815301076,1909f56bfc062723c751e8b465ee728b)
Start importing Assets/Art/Sprites/Ambient/Tiles/7.png using Guid(996fbab7de6ac7846b1a6096826f1841) Importer(815301076,1909f56bfc062723c751e8b465ee728b)  -> (artifact id: '0e3f6b8fa44717c2e8876dce0c00ca1f') in 0.020338 seconds 
  Import took 0.023374 seconds .

========================================================================
Received Import Request.
  Time since last request: 0.000205 seconds.
  path: Assets/Art/Sprites/Ambient/Tiles/3.png
  artifactKey: Guid(87cbcb83a6e83d746a1d77a2a7bfdabd) Importer(815301076,1909f56bfc062723c751e8b465ee728b)
Start importing Assets/Art/Sprites/Ambient/Tiles/3.png using Guid(87cbcb83a6e83d746a1d77a2a7bfdabd) Importer(815301076,1909f56bfc062723c751e8b465ee728b)  -> (artifact id: 'dd72934188bfe4d3512611515571ebd4') in 0.018267 seconds 
  Import took 0.021524 seconds .

========================================================================
Received Import Request.
  Time since last request: 0.000197 seconds.
  path: Assets/Art/Sprites/Ambient/Tiles/14.png
  artifactKey: Guid(8086f900de51c594b8cbb19584f56aa4) Importer(815301076,1909f56bfc062723c751e8b465ee728b)
Start importing Assets/Art/Sprites/Ambient/Tiles/14.png using Guid(8086f900de51c594b8cbb19584f56aa4) Importer(815301076,1909f56bfc062723c751e8b465ee728b)  -> (artifact id: '5c4216d50309b1689067d579917d9072') in 0.017553 seconds 
  Import took 0.020584 seconds .

========================================================================
Received Import Request.
  Time since last request: 0.000203 seconds.
  path: Assets/Art/Sprites/Ambient/Tiles/18.png
  artifactKey: Guid(63e26d2a33124b44cad127a3c617895e) Importer(815301076,1909f56bfc062723c751e8b465ee728b)
Start importing Assets/Art/Sprites/Ambient/Tiles/18.png using Guid(63e26d2a33124b44cad127a3c617895e) Importer(815301076,1909f56bfc062723c751e8b465ee728b)  -> (artifact id: '17b23a5db420ed625d4c68b810c01c15') in 0.018540 seconds 
  Import took 0.021913 seconds .

========================================================================
Received Import Request.
  Time since last request: 0.000232 seconds.
  path: Assets/Art/Sprites/Ambient/Tiles/9.png
  artifactKey: Guid(457b9fe510eec3447a6e4bf141b8bbb0) Importer(815301076,1909f56bfc062723c751e8b465ee728b)
Start importing Assets/Art/Sprites/Ambient/Tiles/9.png using Guid(457b9fe510eec3447a6e4bf141b8bbb0) Importer(815301076,1909f56bfc062723c751e8b465ee728b)  -> (artifact id: 'cfa1a1e7443428539a52154aa25bbc89') in 0.020343 seconds 
  Import took 0.023672 seconds .

========================================================================
Received Import Request.
  Time since last request: 0.000220 seconds.
  path: Assets/Art/Sprites/Ambient/Tiles/15.png
  artifactKey: Guid(dfeaeccd4b7055f448ca292c6b513c99) Importer(815301076,1909f56bfc062723c751e8b465ee728b)
Start importing Assets/Art/Sprites/Ambient/Tiles/15.png using Guid(dfeaeccd4b7055f448ca292c6b513c99) Importer(815301076,1909f56bfc062723c751e8b465ee728b)  -> (artifact id: 'a201d2737b29aea6e5a3549b0a96d4dc') in 0.019470 seconds 
  Import took 0.024004 seconds .

========================================================================
Received Import Request.
  Time since last request: 0.000255 seconds.
  path: Assets/Art/Sprites/Ambient/Tiles/6.png
  artifactKey: Guid(94ebd4a54da8d70468d84c323e4e4190) Importer(815301076,1909f56bfc062723c751e8b465ee728b)
Start importing Assets/Art/Sprites/Ambient/Tiles/6.png using Guid(94ebd4a54da8d70468d84c323e4e4190) Importer(815301076,1909f56bfc062723c751e8b465ee728b)  -> (artifact id: '6cccb05850fb4742e802f8d7d2fdf74a') in 0.018471 seconds 
  Import took 0.021933 seconds .

========================================================================
Received Import Request.
  Time since last request: 0.000237 seconds.
  path: Assets/Art/Sprites/Ambient/Tiles/13.png
  artifactKey: Guid(8da97053a65724b46bef88cb43c27b87) Importer(815301076,1909f56bfc062723c751e8b465ee728b)
Start importing Assets/Art/Sprites/Ambient/Tiles/13.png using Guid(8da97053a65724b46bef88cb43c27b87) Importer(815301076,1909f56bfc062723c751e8b465ee728b)  -> (artifact id: '85e80753636eb42056baf9e353e4002c') in 0.018673 seconds 
  Import took 0.021976 seconds .

========================================================================
Received Import Request.
  Time since last request: 0.000237 seconds.
  path: Assets/Art/Sprites/Ambient/Tiles/17.png
  artifactKey: Guid(71c436a7dbc97f64eb454fc55329061f) Importer(815301076,1909f56bfc062723c751e8b465ee728b)
Start importing Assets/Art/Sprites/Ambient/Tiles/17.png using Guid(71c436a7dbc97f64eb454fc55329061f) Importer(815301076,1909f56bfc062723c751e8b465ee728b)  -> (artifact id: 'f63182dbe4aa510507ff353322bc0141') in 0.020741 seconds 
  Import took 0.024954 seconds .

========================================================================
Received Import Request.
  Time since last request: 0.000247 seconds.
  path: Assets/Art/Sprites/Ambient/Tiles/16.png
  artifactKey: Guid(53aa8f859b71a064fa6ab184162963ff) Importer(815301076,1909f56bfc062723c751e8b465ee728b)
Start importing Assets/Art/Sprites/Ambient/Tiles/16.png using Guid(53aa8f859b71a064fa6ab184162963ff) Importer(815301076,1909f56bfc062723c751e8b465ee728b)  -> (artifact id: '7a711bb85373a37b47ba05af61634f99') in 0.023150 seconds 
  Import took 0.027504 seconds .

========================================================================
Received Import Request.
  Time since last request: 0.000233 seconds.
  path: Assets/Art/Sprites/Ambient/Tiles/8.png
  artifactKey: Guid(d7abc32d3fe5343449af29542e2a9e59) Importer(815301076,1909f56bfc062723c751e8b465ee728b)
Start importing Assets/Art/Sprites/Ambient/Tiles/8.png using Guid(d7abc32d3fe5343449af29542e2a9e59) Importer(815301076,1909f56bfc062723c751e8b465ee728b)  -> (artifact id: '3f4c16457cb2d3eb0b96bd85415a9294') in 0.020923 seconds 
  Import took 0.025646 seconds .

========================================================================
Received Import Request.
  Time since last request: 0.000241 seconds.
  path: Assets/Art/Sprites/Ambient/Tiles/10.png
  artifactKey: Guid(0966a771ea6913546b0285ce738aed01) Importer(815301076,1909f56bfc062723c751e8b465ee728b)
Start importing Assets/Art/Sprites/Ambient/Tiles/10.png using Guid(0966a771ea6913546b0285ce738aed01) Importer(815301076,1909f56bfc062723c751e8b465ee728b)  -> (artifact id: '13b5a50d1fff5639cc99f9a7cd198ca3') in 0.027355 seconds 
  Import took 0.033364 seconds .

========================================================================
Received Import Request.
  Time since last request: 0.000276 seconds.
  path: Assets/Art/Sprites/Ambient/Tiles/5.png
  artifactKey: Guid(d2d09646c8d8a324aacd0662f3de728a) Importer(815301076,1909f56bfc062723c751e8b465ee728b)
Start importing Assets/Art/Sprites/Ambient/Tiles/5.png using Guid(d2d09646c8d8a324aacd0662f3de728a) Importer(815301076,1909f56bfc062723c751e8b465ee728b)  -> (artifact id: '3281ef386e26299b133cbc719397e90e') in 0.021302 seconds 
  Import took 0.025620 seconds .

========================================================================
Received Import Request.
  Time since last request: 0.000199 seconds.
  path: Assets/Art/Sprites/Ambient/Tiles/4.png
  artifactKey: Guid(4215d481c1540b54d8719cf8e1bca22e) Importer(815301076,1909f56bfc062723c751e8b465ee728b)
Start importing Assets/Art/Sprites/Ambient/Tiles/4.png using Guid(4215d481c1540b54d8719cf8e1bca22e) Importer(815301076,1909f56bfc062723c751e8b465ee728b)  -> (artifact id: 'ebadb4c9c7b77946f2bc9a643ed18fc7') in 0.024332 seconds 
  Import took 0.029627 seconds .

========================================================================
Received Import Request.
  Time since last request: 0.000244 seconds.
  path: Assets/Art/Sprites/Ambient/Tiles/11.png
  artifactKey: Guid(928065b6e0cca834fa3ba3173e76494d) Importer(815301076,1909f56bfc062723c751e8b465ee728b)
Start importing Assets/Art/Sprites/Ambient/Tiles/11.png using Guid(928065b6e0cca834fa3ba3173e76494d) Importer(815301076,1909f56bfc062723c751e8b465ee728b)  -> (artifact id: 'b2364d41d843074b597d458a367bb196') in 0.021561 seconds 
  Import took 0.026243 seconds .

========================================================================
Received Import Request.
  Time since last request: 1.441975 seconds.
  path: Assets/Art/Sprites/Ambient/Objects/Bush (1).png
  artifactKey: Guid(a781311567b43e3438b2ee3255479d3f) Importer(815301076,1909f56bfc062723c751e8b465ee728b)
Start importing Assets/Art/Sprites/Ambient/Objects/Bush (1).png using Guid(a781311567b43e3438b2ee3255479d3f) Importer(815301076,1909f56bfc062723c751e8b465ee728b)  -> (artifact id: 'e8a529c44a4453962eb9e284b2bb98a4') in 0.018340 seconds 
  Import took 0.021587 seconds .

========================================================================
Received Import Request.
  Time since last request: 0.000199 seconds.
  path: Assets/Art/Sprites/Ambient/Objects/Tree_1.png
  artifactKey: Guid(7b4f209d197fe734cbc1ced2be6913e9) Importer(815301076,1909f56bfc062723c751e8b465ee728b)
Start importing Assets/Art/Sprites/Ambient/Objects/Tree_1.png using Guid(7b4f209d197fe734cbc1ced2be6913e9) Importer(815301076,1909f56bfc062723c751e8b465ee728b)  -> (artifact id: '5961747847353346bc6df5efea71a486') in 0.020307 seconds 
  Import took 0.023178 seconds .

========================================================================
Received Import Request.
  Time since last request: 0.000194 seconds.
  path: Assets/Art/Sprites/Ambient/Objects/Tree_3.png
  artifactKey: Guid(05235ae059bf6b546b7c08d750729897) Importer(815301076,1909f56bfc062723c751e8b465ee728b)
Start importing Assets/Art/Sprites/Ambient/Objects/Tree_3.png using Guid(05235ae059bf6b546b7c08d750729897) Importer(815301076,1909f56bfc062723c751e8b465ee728b)  -> (artifact id: '58f6b75417ddcb299c3e63fc041a8f82') in 0.018521 seconds 
  Import took 0.021483 seconds .

========================================================================
Received Import Request.
  Time since last request: 0.000202 seconds.
  path: Assets/Art/Sprites/Ambient/Objects/Bush (4).png
  artifactKey: Guid(81aaf7152c5bae549ba4cc159bdeba02) Importer(815301076,1909f56bfc062723c751e8b465ee728b)
Start importing Assets/Art/Sprites/Ambient/Objects/Bush (4).png using Guid(81aaf7152c5bae549ba4cc159bdeba02) Importer(815301076,1909f56bfc062723c751e8b465ee728b)  -> (artifact id: '0860aa60a51f8cbf2e722a3ef88c1cc5') in 0.017539 seconds 
  Import took 0.020567 seconds .

========================================================================
Received Import Request.
  Time since last request: 0.000206 seconds.
  path: Assets/Art/Sprites/Ambient/Objects/Crate.png
  artifactKey: Guid(1c766f9a80c623940bb13f706a76d4c1) Importer(815301076,1909f56bfc062723c751e8b465ee728b)
Start importing Assets/Art/Sprites/Ambient/Objects/Crate.png using Guid(1c766f9a80c623940bb13f706a76d4c1) Importer(815301076,1909f56bfc062723c751e8b465ee728b)  -> (artifact id: '1a10b08436beab1e5ec44cbc3827c04e') in 0.018531 seconds 
  Import took 0.021623 seconds .

========================================================================
Received Import Request.
  Time since last request: 0.000211 seconds.
  path: Assets/Art/Sprites/Ambient/Objects/Bush (3).png
  artifactKey: Guid(03e65a29b86f69c42857bb334471517e) Importer(815301076,1909f56bfc062723c751e8b465ee728b)
Start importing Assets/Art/Sprites/Ambient/Objects/Bush (3).png using Guid(03e65a29b86f69c42857bb334471517e) Importer(815301076,1909f56bfc062723c751e8b465ee728b)  -> (artifact id: '7aabe58e72dc073f1cda57c9a3cbf77e') in 0.018101 seconds 
  Import took 0.021284 seconds .

========================================================================
Received Import Request.
  Time since last request: 0.000213 seconds.
  path: Assets/Art/Sprites/Ambient/Objects/Mushroom_2.png
  artifactKey: Guid(854552d8fcbcccc4da8ba8810581c1d8) Importer(815301076,1909f56bfc062723c751e8b465ee728b)
Start importing Assets/Art/Sprites/Ambient/Objects/Mushroom_2.png using Guid(854552d8fcbcccc4da8ba8810581c1d8) Importer(815301076,1909f56bfc062723c751e8b465ee728b)  -> (artifact id: 'ffe64aee904aa2f394f4e946667616a5') in 0.020012 seconds 
  Import took 0.023292 seconds .

========================================================================
Received Import Request.
  Time since last request: 0.000197 seconds.
  path: Assets/Art/Sprites/Ambient/Objects/Stone.png
  artifactKey: Guid(921d6d69fd6a98744a170cd9ae123170) Importer(815301076,1909f56bfc062723c751e8b465ee728b)
Start importing Assets/Art/Sprites/Ambient/Objects/Stone.png using Guid(921d6d69fd6a98744a170cd9ae123170) Importer(815301076,1909f56bfc062723c751e8b465ee728b)  -> (artifact id: '8f30f180621dd32467a5fa64ef5df9e8') in 0.017149 seconds 
  Import took 0.020853 seconds .

========================================================================
Received Import Request.
  Time since last request: 0.000208 seconds.
  path: Assets/Art/Sprites/Ambient/Objects/Sign_2.png
  artifactKey: Guid(ca77b11b94208bd4e934e9750780b51a) Importer(815301076,1909f56bfc062723c751e8b465ee728b)
Start importing Assets/Art/Sprites/Ambient/Objects/Sign_2.png using Guid(ca77b11b94208bd4e934e9750780b51a) Importer(815301076,1909f56bfc062723c751e8b465ee728b)  -> (artifact id: 'e1269a28df6396580c886b2422bd2cd3') in 0.018463 seconds 
  Import took 0.021659 seconds .

========================================================================
Received Import Request.
  Time since last request: 0.000209 seconds.
  path: Assets/Art/Sprites/Ambient/Objects/Mushroom_1.png
  artifactKey: Guid(1e5d02cb13a527d4dbeb765386ddb665) Importer(815301076,1909f56bfc062723c751e8b465ee728b)
Start importing Assets/Art/Sprites/Ambient/Objects/Mushroom_1.png using Guid(1e5d02cb13a527d4dbeb765386ddb665) Importer(815301076,1909f56bfc062723c751e8b465ee728b)  -> (artifact id: '220d02a252c37321f1fd61674f106198') in 0.018840 seconds 
  Import took 0.022121 seconds .

========================================================================
Received Import Request.
  Time since last request: 0.000219 seconds.
  path: Assets/Art/Sprites/Ambient/Objects/Bush (2).png
  artifactKey: Guid(b6e9144ca1aa9cf4086e6ad2ffc63515) Importer(815301076,1909f56bfc062723c751e8b465ee728b)
Start importing Assets/Art/Sprites/Ambient/Objects/Bush (2).png using Guid(b6e9144ca1aa9cf4086e6ad2ffc63515) Importer(815301076,1909f56bfc062723c751e8b465ee728b)  -> (artifact id: '5a18e4a23aa631dfda96a4ea0c063b56') in 0.016529 seconds 
  Import took 0.020526 seconds .

========================================================================
Received Import Request.
  Time since last request: 0.000227 seconds.
  path: Assets/Art/Sprites/Ambient/Objects/Tree_2.png
  artifactKey: Guid(7e73c905832db884fb9b7f8ac465e521) Importer(815301076,1909f56bfc062723c751e8b465ee728b)
Start importing Assets/Art/Sprites/Ambient/Objects/Tree_2.png using Guid(7e73c905832db884fb9b7f8ac465e521) Importer(815301076,1909f56bfc062723c751e8b465ee728b)  -> (artifact id: '5c7e6506cc144f5a504d384647330e4d') in 0.018932 seconds 
  Import took 0.022256 seconds .

========================================================================
Received Import Request.
  Time since last request: 0.000178 seconds.
  path: Assets/Art/Sprites/Ambient/Objects/Sign_1.png
  artifactKey: Guid(b7bf27982761c7140899417ff39da808) Importer(815301076,1909f56bfc062723c751e8b465ee728b)
Start importing Assets/Art/Sprites/Ambient/Objects/Sign_1.png using Guid(b7bf27982761c7140899417ff39da808) Importer(815301076,1909f56bfc062723c751e8b465ee728b)  -> (artifact id: 'd7ead3f818e650913028166a102bfec6') in 0.016979 seconds 
  Import took 0.020055 seconds .

========================================================================
Received Import Request.
  Time since last request: 23.080917 seconds.
  path: Assets/Art/UI/Button.png
  artifactKey: Guid(253c74264a70828418b55e87d804f20c) Importer(815301076,1909f56bfc062723c751e8b465ee728b)
Start importing Assets/Art/UI/Button.png using Guid(253c74264a70828418b55e87d804f20c) Importer(815301076,1909f56bfc062723c751e8b465ee728b)  -> (artifact id: '4763244ddcfdb3d4ab1bdfbebb810a06') in 0.061456 seconds 
  Import took 0.065064 seconds .

